<?xml version="1.0" encoding="UTF-8"?>
<!-- Generated by org.testng.reporters.JUnitReportReporter -->
<testsuite skipped="0" hostname="WS003LT1020PRD" name="com.qsp.testng.DemoA" tests="1" failures="0" timestamp="07 May 2017 13:41:38 GMT" time="0.009" errors="0">
  <testcase name="testMethod" time="0.009" classname="com.qsp.testng.DemoA"/>
</testsuite> <!-- com.qsp.testng.DemoA -->
