<?xml version="1.0" encoding="UTF-8"?>
<!-- Generated by org.testng.reporters.JUnitReportReporter -->
<testsuite skipped="0" hostname="WS003LT1020PRD" name="test.Login" tests="1" failures="0" timestamp="25 Jul 2017 18:55:38 GMT" time="35.729" errors="0">
  <testcase name="LoginApp" time="35.729" classname="test.Login"/>
</testsuite> <!-- test.Login -->
