<?xml version="1.0" encoding="UTF-8"?>
<!-- Generated by org.testng.reporters.JUnitReportReporter -->
<testsuite skipped="0" hostname="WS003LT1020PRD" name="com.qsp.testng.DemoA" tests="6" failures="0" timestamp="08 May 2017 11:30:42 GMT" time="0.014" errors="0">
  <testcase name="testA" time="0.006" classname="com.qsp.testng.DemoA"/>
  <testcase name="testA" time="0.001" classname="com.qsp.testng.DemoA"/>
  <testcase name="testA" time="0.001" classname="com.qsp.testng.DemoA"/>
  <testcase name="testA" time="0.001" classname="com.qsp.testng.DemoA"/>
  <testcase name="testA" time="0.002" classname="com.qsp.testng.DemoA"/>
  <testcase name="testA" time="0.003" classname="com.qsp.testng.DemoA"/>
</testsuite> <!-- com.qsp.testng.DemoA -->
