<?xml version="1.0" encoding="UTF-8"?>
<!-- Generated by org.testng.reporters.JUnitReportReporter -->
<testsuite skipped="0" hostname="WS003LT1020PRD" name="com.qsp.testng.DemoB" tests="2" failures="0" timestamp="08 May 2017 11:30:51 GMT" time="0.009" errors="0">
  <testcase name="testC" time="0.006" classname="com.qsp.testng.DemoB"/>
  <testcase name="testB" time="0.003" classname="com.qsp.testng.DemoB"/>
</testsuite> <!-- com.qsp.testng.DemoB -->
