<?xml version="1.0" encoding="UTF-8"?>
<!-- Generated by org.testng.reporters.JUnitReportReporter -->
<testsuite skipped="0" hostname="W1650021" name="com.bank.test.Test1_Login" tests="4" failures="0" timestamp="22 Jan 2018 15:14:13 GMT" time="33.752" errors="0">
  <testcase name="test_login1" time="7.896" classname="com.bank.test.Test1_Login"/>
  <testcase name="test_login1" time="8.726" classname="com.bank.test.Test1_Login"/>
  <testcase name="test_login1" time="8.768" classname="com.bank.test.Test1_Login"/>
  <testcase name="test_login1" time="8.362" classname="com.bank.test.Test1_Login"/>
</testsuite> <!-- com.bank.test.Test1_Login -->
